

*******************************************************************************
Tue Apr 13 20:47:12 2021


FIT:    data read from "salida_basico.dat"
        format = z
        #datapoints = 991
        residuals are weighted equally (unit weight)

function used for fitting: f(x)
	f(x)=a*x+b
fitted parameters initialized with current variable values

iter      chisq       delta/lim  lambda   a             b            
   0 3.3383421349e+14   0.00e+00  4.10e+05    1.000000e+00   1.000000e+00
   9 3.5116913537e-05  -5.35e-08  4.10e-04    3.594153e-09   1.631211e-05

After 9 iterations the fit converged.
final sum of squares of residuals : 3.51169e-05
rel. change during last iteration : -5.35086e-13

degrees of freedom    (FIT_NDF)                        : 989
rms of residuals      (FIT_STDFIT) = sqrt(WSSR/ndf)    : 0.000188434
variance of residuals (reduced chisquare) = WSSR/ndf   : 3.55075e-08

Final set of parameters            Asymptotic Standard Error
=======================            ==========================
a               = 3.59415e-09      +/- 2.092e-11    (0.5822%)
b               = 1.63121e-05      +/- 1.214e-05    (74.45%)

correlation matrix of the fit parameters:
                a      b      
a               1.000 
b              -0.870  1.000 


*******************************************************************************
Tue Apr 13 22:14:47 2021


FIT:    data read from "salida_basico.dat"
        format = z
        x range restricted to [-3.73921e+06 : 5.79754e+06]
        #datapoints = 2057
        residuals are weighted equally (unit weight)

function used for fitting: f(x)
	f(x)=a**x+b
BREAK: Need via and either parameter list or file

*******************************************************************************
Tue Apr 13 22:14:50 2021


FIT:    data read from "salida_basico.dat"
        format = z
        x range restricted to [-3.73921e+06 : 5.79754e+06]
        #datapoints = 2062
        residuals are weighted equally (unit weight)

function used for fitting: f(x)
	f(x)=a**x+b
fitted parameters initialized with current variable values


Current data point
=========================
#               = 702 out of 2062
x               = 1.001          
z               = 0.002536       

Current set of parameters
=========================
a               = 1.001          
b               = 1              

BREAK: Undefined value during function evaluation

*******************************************************************************
Tue Apr 13 22:14:54 2021


FIT:    data read from "salida_basico.dat"
        format = z
        x range restricted to [-3.73921e+06 : 5.79754e+06]
        #datapoints = 2067
        residuals are weighted equally (unit weight)

function used for fitting: f(x)
	f(x)=a**x+b
fitted parameters initialized with current variable values


Current data point
=========================
#               = 702 out of 2067
x               = 1.001          
z               = 0.002536       

Current set of parameters
=========================
a               = 1.001          
b               = 1              

BREAK: Undefined value during function evaluation

*******************************************************************************
Tue Apr 13 22:15:22 2021


FIT:    data read from "salida_basico.dat"
        format = z
        #datapoints = 2108
        residuals are weighted equally (unit weight)

function used for fitting: f(x)
	f(x)=a**x+b
fitted parameters initialized with current variable values


Current data point
=========================
#               = 702 out of 2108
x               = 1.001          
z               = 0.002536       

Current set of parameters
=========================
a               = 1.001          
b               = 1              

BREAK: Undefined value during function evaluation

*******************************************************************************
Tue Apr 13 22:34:12 2021


FIT:    data read from "salida_basico.dat"
        format = z
        x range restricted to [840.836 : 2.50084e+06]
        #datapoints = 2491
        residuals are weighted equally (unit weight)

function used for fitting: f(x)
	f(x)=a**x+b
fitted parameters initialized with current variable values


Current data point
=========================
#               = 702 out of 2491
x               = 1.001          
z               = 0.002536       

Current set of parameters
=========================
a               = 1.001          
b               = 1              

BREAK: Undefined value during function evaluation

*******************************************************************************
Tue Apr 13 22:34:22 2021


FIT:    data read from "salida_basico.dat"
        format = z
        x range restricted to [840.836 : 2.50084e+06]
        #datapoints = 2491
        residuals are weighted equally (unit weight)

function used for fitting: f(x)
	f(x)=a**x+b
fitted parameters initialized with current variable values


Current data point
=========================
#               = 702 out of 2491
x               = 1.001          
z               = 0.002536       

Current set of parameters
=========================
a               = 1.001          
b               = 1              

BREAK: Undefined value during function evaluation

*******************************************************************************
Tue Apr 13 22:34:51 2021


FIT:    data read from "salida_basico.dat"
        format = z
        #datapoints = 3295
        residuals are weighted equally (unit weight)

function used for fitting: f(x)
	f(x)=a*x+b
fitted parameters initialized with current variable values

iter      chisq       delta/lim  lambda   a             b            
   0 1.2028082130e+16   0.00e+00  1.35e+06    1.000000e+00   1.000000e+00
   3 8.1647318581e+02  -9.73e-01  1.35e+03   -4.504210e-07   9.999950e-01

After 3 iterations the fit converged.
final sum of squares of residuals : 816.473
rel. change during last iteration : -9.72966e-06

degrees of freedom    (FIT_NDF)                        : 3293
rms of residuals      (FIT_STDFIT) = sqrt(WSSR/ndf)    : 0.497938
variance of residuals (reduced chisquare) = WSSR/ndf   : 0.247942

Final set of parameters            Asymptotic Standard Error
=======================            ==========================
a               = -4.50421e-07     +/- 9.12e-09     (2.025%)
b               = 0.999995         +/- 0.01742      (1.742%)

correlation matrix of the fit parameters:
                a      b      
a               1.000 
b              -0.867  1.000 


*******************************************************************************
Tue Apr 13 22:38:52 2021


FIT:    data read from "salida_basico.dat"
        format = z
        x range restricted to [337050. : 3.83705e+06]
        #datapoints = 2967
        residuals are weighted equally (unit weight)

function used for fitting: f(x)
	f(x)=a*x+b
fitted parameters initialized with current variable values

iter      chisq       delta/lim  lambda   a             b            
   0 5.3752057421e+02   0.00e+00  9.54e-01   -4.504210e-07   9.999950e-01
   3 7.5966570270e-04  -1.10e-03  9.54e-04    3.430637e-09   1.526107e-04

After 3 iterations the fit converged.
final sum of squares of residuals : 0.000759666
rel. change during last iteration : -1.09799e-08

degrees of freedom    (FIT_NDF)                        : 2965
rms of residuals      (FIT_STDFIT) = sqrt(WSSR/ndf)    : 0.000506173
variance of residuals (reduced chisquare) = WSSR/ndf   : 2.56211e-07

Final set of parameters            Asymptotic Standard Error
=======================            ==========================
a               = 3.43064e-09      +/- 1.085e-11    (0.3163%)
b               = 0.000152611      +/- 2.183e-05    (14.31%)

correlation matrix of the fit parameters:
                a      b      
a               1.000 
b              -0.905  1.000 
