Id. usuario del trabajo: a1estudiante23
Id. del trabajo: 84919
Nombre del trabajo especificado por usuario: SumaLocal
Directorio de trbajo (en el que se ejecuta el script): /home/a1estudiante23/bp1/ejer10
Cola: ac
Nodo que ejecuta este trabajo: atcgrid.ugr.es
Nº de nodos asignados al trabajo: 1
Nodos asignados al trabajo: atcgrid1
CPUs por nodo: 2
BINARIO SECUENCIAL
Tiempo:0.000442056	 / Tamaño Vectores:16384	/ V1[0]+V2[0]=V3[0](0.801847+0.859066=1.660913) / / V1[16383]+V2[16383]=V3[16383](3.590952+0.560338=4.151291) /
Tiempo:0.000462920	 / Tamaño Vectores:32768	/ V1[0]+V2[0]=V3[0](0.801847+0.859066=1.660913) / / V1[32767]+V2[32767]=V3[32767](1.094559+1.032041=2.126599) /
Tiempo:0.000564351	 / Tamaño Vectores:65536	/ V1[0]+V2[0]=V3[0](0.801847+0.859066=1.660913) / / V1[65535]+V2[65535]=V3[65535](4.245792+0.954187=5.199980) /
Tiempo:0.000676787	 / Tamaño Vectores:131072	/ V1[0]+V2[0]=V3[0](0.801847+0.859066=1.660913) / / V1[131071]+V2[131071]=V3[131071](1.021054+1.939123=2.960177) /
Tiempo:0.001381205	 / Tamaño Vectores:262144	/ V1[0]+V2[0]=V3[0](0.801847+0.859066=1.660913) / / V1[262143]+V2[262143]=V3[262143](0.936157+1.638178=2.574335) /
Tiempo:0.002672260	 / Tamaño Vectores:524288	/ V1[0]+V2[0]=V3[0](0.801847+0.859066=1.660913) / / V1[524287]+V2[524287]=V3[524287](2.543949+1.139810=3.683759) /
Tiempo:0.004993129	 / Tamaño Vectores:1048576	/ V1[0]+V2[0]=V3[0](0.801847+0.859066=1.660913) / / V1[1048575]+V2[1048575]=V3[1048575](0.447461+0.100036=0.547497) /
Tiempo:0.009081609	 / Tamaño Vectores:2097152	/ V1[0]+V2[0]=V3[0](2.689420+0.373369=3.062789) / / V1[2097151]+V2[2097151]=V3[2097151](7.513180+0.214918=7.728098) /
Tiempo:0.017112380	 / Tamaño Vectores:4194304	/ V1[0]+V2[0]=V3[0](2.689420+0.373369=3.062789) / / V1[4194303]+V2[4194303]=V3[4194303](4.853664+1.608261=6.461925) /
Tiempo:0.034459608	 / Tamaño Vectores:8388608	/ V1[0]+V2[0]=V3[0](2.689420+0.373369=3.062789) / / V1[8388607]+V2[8388607]=V3[8388607](2.801776+0.858920=3.660696) /
Tiempo:0.065936852	 / Tamaño Vectores:16777216	/ V1[0]+V2[0]=V3[0](1.415080+7.585526=9.000606) / / V1[16777215]+V2[16777215]=V3[16777215](2.865679+1.253594=4.119273) /
Tiempo:0.129233605	 / Tamaño Vectores:33554432	/ V1[0]+V2[0]=V3[0](0.368471+0.793783=1.162254) / / V1[33554431]+V2[33554431]=V3[33554431](3.329782+0.312376=3.642159) /
Tiempo:0.129384642	 / Tamaño Vectores:33554432	/ V1[0]+V2[0]=V3[0](1.223950+0.583064=1.807014) / / V1[33554431]+V2[33554431]=V3[33554431](0.458823+0.950643=1.409466) /
