Id. usuario del trabajo: a1estudiante23
Id. del trabajo: 67115
Nombre del trabajo especificado por usuario: SumaLocal
Directorio de trbajo (en el que se ejecuta el script): /home/a1estudiante23/bp0/ejer7
Cola: ac
Nodo que ejecuta este trabajo: atcgrid.ugr.es
Nº de nodos asignados al trabajo: 1
Nodos asignados al trabajo: atcgrid1
CPUs por nodo: 2
VECTORES LOCALES
Tiempo(seg.):0.000470351	 / Tamaño Vectores:65536	/ V1[0]+V2[0]=V3[0](0.541424+0.357051=0.898474) / / V1[65535]+V2[65535]=V3[65535](0.069264+1.327851=1.397115) /
Tiempo(seg.):0.000550487	 / Tamaño Vectores:131072	/ V1[0]+V2[0]=V3[0](0.541424+0.357051=0.898474) / / V1[131071]+V2[131071]=V3[131071](1.285722+158.427513=159.713235) /
Tiempo(seg.):0.001830576	 / Tamaño Vectores:262144	/ V1[0]+V2[0]=V3[0](0.541424+0.357051=0.898474) / / V1[262143]+V2[262143]=V3[262143](1.095415+33.210798=34.306213) /
srun: error: atcgrid1: task 0: Segmentation fault (core dumped)
srun: error: atcgrid1: task 0: Segmentation fault (core dumped)
srun: error: atcgrid1: task 0: Segmentation fault (core dumped)
srun: error: atcgrid1: task 0: Segmentation fault (core dumped)
srun: error: atcgrid1: task 0: Segmentation fault (core dumped)
srun: error: atcgrid1: task 0: Segmentation fault (core dumped)
srun: error: atcgrid1: task 0: Segmentation fault (core dumped)
srun: error: atcgrid1: task 0: Segmentation fault (core dumped)
VECTORES GLOBALES
Tiempo:0.000566736	 / Tamaño Vectores:65536	/ V1[0]+V2[0]=V3[0](0.644198+0.437666=1.081864) / / V1[65535]+V2[65535]=V3[65535](1.213433+1.099811=2.313243) /
Tiempo:0.000694664	 / Tamaño Vectores:131072	/ V1[0]+V2[0]=V3[0](0.644198+0.437666=1.081864) / / V1[131071]+V2[131071]=V3[131071](0.455610+1.448392=1.904002) /
Tiempo:0.001353386	 / Tamaño Vectores:262144	/ V1[0]+V2[0]=V3[0](0.644198+0.437666=1.081864) / / V1[262143]+V2[262143]=V3[262143](3.940103+0.337368=4.277471) /
Tiempo:0.002677504	 / Tamaño Vectores:524288	/ V1[0]+V2[0]=V3[0](0.644198+0.437666=1.081864) / / V1[524287]+V2[524287]=V3[524287](0.761456+0.712901=1.474358) /
Tiempo:0.004969129	 / Tamaño Vectores:1048576	/ V1[0]+V2[0]=V3[0](0.644198+0.437666=1.081864) / / V1[1048575]+V2[1048575]=V3[1048575](0.973036+0.589758=1.562794) /
Tiempo:0.009025316	 / Tamaño Vectores:2097152	/ V1[0]+V2[0]=V3[0](0.644198+0.437666=1.081864) / / V1[2097151]+V2[2097151]=V3[2097151](0.900230+0.242839=1.143069) /
Tiempo:0.017378560	 / Tamaño Vectores:4194304	/ V1[0]+V2[0]=V3[0](0.383100+2.000943=2.384043) / / V1[4194303]+V2[4194303]=V3[4194303](0.349641+0.950134=1.299775) /
Tiempo:0.034468847	 / Tamaño Vectores:8388608	/ V1[0]+V2[0]=V3[0](0.383100+2.000943=2.384043) / / V1[8388607]+V2[8388607]=V3[8388607](4.585693+0.512539=5.098232) /
Tiempo:0.066656231	 / Tamaño Vectores:16777216	/ V1[0]+V2[0]=V3[0](1.321152+1.050347=2.371500) / / V1[16777215]+V2[16777215]=V3[16777215](0.880689+0.908405=1.789094) /
Tiempo:0.130933260	 / Tamaño Vectores:33554432	/ V1[0]+V2[0]=V3[0](1.279303+0.329551=1.608854) / / V1[33554431]+V2[33554431]=V3[33554431](0.958630+0.645257=1.603887) /
Tiempo:0.131841598	 / Tamaño Vectores:33554432	/ V1[0]+V2[0]=V3[0](0.567897+0.980098=1.547995) / / V1[33554431]+V2[33554431]=V3[33554431](1.524753+0.742637=2.267389) /
VECTORES DINAMICOS
Tiempo:0.000361375	 / Tamaño Vectores:65536	/ V1[0]+V2[0]=V3[0](0.341085+1.951054=2.292139) / / V1[65535]+V2[65535]=V3[65535](1.108545+1.230100=2.338645) /
Tiempo:0.000883653	 / Tamaño Vectores:131072	/ V1[0]+V2[0]=V3[0](0.341085+1.951054=2.292139) / / V1[131071]+V2[131071]=V3[131071](0.160284+0.420613=0.580897) /
Tiempo:0.001881336	 / Tamaño Vectores:262144	/ V1[0]+V2[0]=V3[0](0.341085+1.951054=2.292139) / / V1[262143]+V2[262143]=V3[262143](2.559816+1.222443=3.782259) /
Tiempo:0.002729792	 / Tamaño Vectores:524288	/ V1[0]+V2[0]=V3[0](0.341085+1.951054=2.292139) / / V1[524287]+V2[524287]=V3[524287](1.167549+1.499672=2.667221) /
Tiempo:0.004933475	 / Tamaño Vectores:1048576	/ V1[0]+V2[0]=V3[0](0.341085+1.951054=2.292139) / / V1[1048575]+V2[1048575]=V3[1048575](0.995989+0.760738=1.756727) /
Tiempo:0.008827536	 / Tamaño Vectores:2097152	/ V1[0]+V2[0]=V3[0](0.341085+1.951054=2.292139) / / V1[2097151]+V2[2097151]=V3[2097151](1.645601+0.559865=2.205466) /
Tiempo:0.016668563	 / Tamaño Vectores:4194304	/ V1[0]+V2[0]=V3[0](0.341085+1.951054=2.292139) / / V1[4194303]+V2[4194303]=V3[4194303](1.328735+1.995231=3.323966) /
Tiempo:0.032550488	 / Tamaño Vectores:8388608	/ V1[0]+V2[0]=V3[0](2.830196+0.924213=3.754408) / / V1[8388607]+V2[8388607]=V3[8388607](1.897647+0.655207=2.552854) /
Tiempo:0.064483873	 / Tamaño Vectores:16777216	/ V1[0]+V2[0]=V3[0](2.830196+0.924213=3.754408) / / V1[16777215]+V2[16777215]=V3[16777215](16.906297+0.131709=17.038006) /
Tiempo:0.126980703	 / Tamaño Vectores:33554432	/ V1[0]+V2[0]=V3[0](3.520279+0.393090=3.913369) / / V1[33554431]+V2[33554431]=V3[33554431](0.319515+6.708789=7.028303) /
Tiempo:0.245421535	 / Tamaño Vectores:67108864	/ V1[0]+V2[0]=V3[0](0.738534+2.483869=3.222403) / / V1[67108863]+V2[67108863]=V3[67108863](1.756286+11.760470=13.516756) /
