

*******************************************************************************
Wed Apr 14 13:16:39 2021


FIT:    data read from "res.txt"
        format = z
        #datapoints = 5078
        residuals are weighted equally (unit weight)

function used for fitting: f(x)
	f(x)=a*log(x)/log(2)+b
fitted parameters initialized with current variable values

iter      chisq       delta/lim  lambda   a             b            
   0 2.4314150050e+06   0.00e+00  1.48e+01    1.000000e+00   1.000000e+00
   6 2.9551819449e-13   0.00e+00  1.48e-05    5.181135e-09  -2.955029e-08

After 6 iterations the fit converged.
final sum of squares of residuals : 2.95518e-13
rel. change during last iteration : 0

degrees of freedom    (FIT_NDF)                        : 5076
rms of residuals      (FIT_STDFIT) = sqrt(WSSR/ndf)    : 7.63012e-09
variance of residuals (reduced chisquare) = WSSR/ndf   : 5.82187e-17

Final set of parameters            Asymptotic Standard Error
=======================            ==========================
a               = 5.18114e-09      +/- 7.454e-11    (1.439%)
b               = -2.95503e-08     +/- 1.557e-09    (5.268%)

correlation matrix of the fit parameters:
                a      b      
a               1.000 
b              -0.998  1.000 


*******************************************************************************
Wed Apr 14 17:04:49 2021


FIT:    data read from "res2.txt"
        format = z
        #datapoints = 6514
        residuals are weighted equally (unit weight)

function used for fitting: f(x)
	f(x)=a*log(x)/log(2)+b
fitted parameters initialized with current variable values

iter      chisq       delta/lim  lambda   a             b            
   0 3.2219691324e+06   0.00e+00  1.50e+01    1.000000e+00   1.000000e+00
   5 4.8906315087e-13  -7.14e-01  1.50e-04    1.498658e-09   7.092530e-08

After 5 iterations the fit converged.
final sum of squares of residuals : 4.89063e-13
rel. change during last iteration : -7.13592e-06

degrees of freedom    (FIT_NDF)                        : 6512
rms of residuals      (FIT_STDFIT) = sqrt(WSSR/ndf)    : 8.66613e-09
variance of residuals (reduced chisquare) = WSSR/ndf   : 7.51018e-17

Final set of parameters            Asymptotic Standard Error
=======================            ==========================
a               = 1.49866e-09      +/- 7.469e-11    (4.984%)
b               = 7.09253e-08      +/- 1.587e-09    (2.237%)

correlation matrix of the fit parameters:
                a      b      
a               1.000 
b              -0.998  1.000 


*******************************************************************************
Wed Apr 14 17:05:29 2021


FIT:    data read from "res.txt"
        format = z
        #datapoints = 5078
        residuals are weighted equally (unit weight)

function used for fitting: f(x)
	f(x)=a*log(x)/log(2)+b
fitted parameters initialized with current variable values

iter      chisq       delta/lim  lambda   a             b            
   0 3.3025494821e-12   0.00e+00  5.48e-08    1.498658e-09   7.092530e-08
   3 2.9551819449e-13  -2.15e-03  5.48e-11    5.181135e-09  -2.955029e-08

After 3 iterations the fit converged.
final sum of squares of residuals : 2.95518e-13
rel. change during last iteration : -2.1505e-08

degrees of freedom    (FIT_NDF)                        : 5076
rms of residuals      (FIT_STDFIT) = sqrt(WSSR/ndf)    : 7.63012e-09
variance of residuals (reduced chisquare) = WSSR/ndf   : 5.82187e-17

Final set of parameters            Asymptotic Standard Error
=======================            ==========================
a               = 5.18114e-09      +/- 7.454e-11    (1.439%)
b               = -2.95503e-08     +/- 1.557e-09    (5.268%)

correlation matrix of the fit parameters:
                a      b      
a               1.000 
b              -0.998  1.000 


*******************************************************************************
Wed Apr 14 17:20:10 2021


FIT:    data read from "salida_basico.dat"
        format = z
        #datapoints = 351
        residuals are weighted equally (unit weight)

function used for fitting: f(x)
	f(x)=a*x+b
BREAK: Need via and either parameter list or file

*******************************************************************************
Wed Apr 14 17:20:13 2021


FIT:    data read from "salida_basico.dat"
        format = z
        #datapoints = 351
        residuals are weighted equally (unit weight)

function used for fitting: f(x)
	f(x)=a*x+b
fitted parameters initialized with current variable values

iter      chisq       delta/lim  lambda   a             b            
   0 1.4476299440e+13   0.00e+00  1.44e+05    1.000000e+00   1.000000e+00
   9 4.3365976211e-07  -1.61e-09  1.44e-04    3.850389e-09   6.749521e-06

After 9 iterations the fit converged.
final sum of squares of residuals : 4.3366e-07
rel. change during last iteration : -1.61141e-14

degrees of freedom    (FIT_NDF)                        : 349
rms of residuals      (FIT_STDFIT) = sqrt(WSSR/ndf)    : 3.52502e-05
variance of residuals (reduced chisquare) = WSSR/ndf   : 1.24258e-09

Final set of parameters            Asymptotic Standard Error
=======================            ==========================
a               = 3.85039e-09      +/- 1.857e-11    (0.4823%)
b               = 6.74952e-06      +/- 3.771e-06    (55.87%)

correlation matrix of the fit parameters:
                a      b      
a               1.000 
b              -0.867  1.000 
