

*******************************************************************************
Wed Apr 14 13:16:39 2021


FIT:    data read from "res.txt"
        format = z
        #datapoints = 5078
        residuals are weighted equally (unit weight)

function used for fitting: f(x)
	f(x)=a*log(x)/log(2)+b
fitted parameters initialized with current variable values

iter      chisq       delta/lim  lambda   a             b            
   0 2.4314150050e+06   0.00e+00  1.48e+01    1.000000e+00   1.000000e+00
   6 2.9551819449e-13   0.00e+00  1.48e-05    5.181135e-09  -2.955029e-08

After 6 iterations the fit converged.
final sum of squares of residuals : 2.95518e-13
rel. change during last iteration : 0

degrees of freedom    (FIT_NDF)                        : 5076
rms of residuals      (FIT_STDFIT) = sqrt(WSSR/ndf)    : 7.63012e-09
variance of residuals (reduced chisquare) = WSSR/ndf   : 5.82187e-17

Final set of parameters            Asymptotic Standard Error
=======================            ==========================
a               = 5.18114e-09      +/- 7.454e-11    (1.439%)
b               = -2.95503e-08     +/- 1.557e-09    (5.268%)

correlation matrix of the fit parameters:
                a      b      
a               1.000 
b              -0.998  1.000 
