Id. usuario del trabajo: a1estudiante23
Id. del trabajo: 105935
Nombre del trabajo especificado por usuario: SumaLocal
Directorio de trbajo (en el que se ejecuta el script): /home/a1estudiante23/bp3/ejer10
Cola: ac
Nodo que ejecuta este trabajo: atcgrid.ugr.es
Nº de nodos asignados al trabajo: 1
Nodos asignados al trabajo: atcgrid1
CPUs por nodo: 24
PLANIFICACIÓN CON CHUNKS 64 TAMAÑO 11520
STATIC
Matriz m[0][0] = 0.000000 <--> m[11519][11519] = 0.606002
V1[0] = 0.000985 <--> V1[11519] = 0.387567
Resultado V3[0] = 0.000000 <--> V3[11519] = 2865.917184
Tiempo: 0.050806
DYNAMIC
Matriz m[0][0] = 0.000000 <--> m[11519][11519] = 0.606002
V1[0] = 0.000985 <--> V1[11519] = 0.387567
Resultado V3[0] = 0.000000 <--> V3[11519] = 2865.917184
Tiempo: 0.046119
GUIDED
Matriz m[0][0] = 0.000000 <--> m[11519][11519] = 0.606002
V1[0] = 0.000985 <--> V1[11519] = 0.387567
Resultado V3[0] = 0.000000 <--> V3[11519] = 2865.917184
Tiempo: 0.054108
PLANIFICACIÓN CON CHUNKS 64 TAMAÑO 23040
STATIC
Matriz m[0][0] = 0.000000 <--> m[23039][23039] = 0.376615
V1[0] = 0.000985 <--> V1[23039] = 0.155590
Resultado V3[0] = 0.000000 <--> V3[23039] = 5782.177710
Tiempo: 0.350416
DYNAMIC
Matriz m[0][0] = 0.000000 <--> m[23039][23039] = 0.376615
V1[0] = 0.000985 <--> V1[23039] = 0.155590
Resultado V3[0] = 0.000000 <--> V3[23039] = 5782.177710
Tiempo: 0.338529
GUIDED
Matriz m[0][0] = 0.000000 <--> m[23039][23039] = 0.376615
V1[0] = 0.000985 <--> V1[23039] = 0.155590
Resultado V3[0] = 0.000000 <--> V3[23039] = 5782.177710
Tiempo: 0.397811
